TN:
SF:src/config.ts
FN:7,(anonymous_0)
FNF:1
FNH:0
FNDA:0,(anonymous_0)
DA:1,0
DA:4,0
DA:5,0
DA:7,0
DA:9,0
DA:11,0
LF:6
LH:0
BRDA:4,0,0,0
BRDA:4,0,1,0
BRF:2
BRH:0
end_of_record
TN:
SF:src/server.ts
FN:25,(anonymous_0)
FN:43,(anonymous_1)
FN:54,(anonymous_2)
FN:63,(anonymous_3)
FN:84,(anonymous_4)
FN:91,(anonymous_5)
FN:92,(anonymous_6)
FN:98,(anonymous_7)
FN:110,(anonymous_8)
FNF:9
FNH:9
FNDA:3,(anonymous_0)
FNDA:3,(anonymous_1)
FNDA:14,(anonymous_2)
FNDA:3,(anonymous_3)
FNDA:3,(anonymous_4)
FNDA:3,(anonymous_5)
FNDA:3,(anonymous_6)
FNDA:3,(anonymous_7)
FNDA:3,(anonymous_8)
DA:3,3
DA:4,3
DA:5,3
DA:6,3
DA:7,3
DA:8,3
DA:9,3
DA:11,3
DA:13,3
DA:15,3
DA:17,3
DA:26,3
DA:28,3
DA:29,3
DA:31,3
DA:32,3
DA:34,3
DA:35,3
DA:37,3
DA:39,3
DA:40,3
DA:44,3
DA:54,14
DA:55,3
DA:60,3
DA:64,3
DA:65,3
DA:68,3
DA:72,3
DA:78,3
DA:85,3
DA:92,3
DA:93,3
DA:96,3
DA:97,3
DA:98,3
DA:99,3
DA:102,3
DA:104,3
DA:107,3
DA:111,3
LF:41
LH:41
BRDA:44,0,0,3
BRDA:44,0,1,0
BRDA:92,1,0,3
BRDA:92,1,1,3
BRDA:97,2,0,6
BRDA:97,2,1,3
BRDA:102,3,0,0
BRDA:102,3,1,3
BRDA:111,4,0,3
BRF:9
BRH:7
end_of_record
TN:
SF:src/model/Database.ts
FN:6,(anonymous_0)
FN:10,(anonymous_1)
FN:18,(anonymous_2)
FNF:3
FNH:3
FNDA:1,(anonymous_0)
FNDA:8,(anonymous_1)
FNDA:6,(anonymous_2)
DA:1,8
DA:2,8
DA:5,8
DA:7,1
DA:11,8
DA:19,6
LF:6
LH:6
BRF:0
BRH:0
end_of_record
TN:
SF:src/model/Habitat.ts
FNF:0
FNH:0
DA:1,8
DA:9,8
DA:26,8
DA:33,8
DA:37,8
LF:5
LH:5
BRF:0
BRH:0
end_of_record
TN:
SF:src/model/Organization.ts
FNF:0
FNH:0
DA:1,8
DA:8,8
DA:15,8
DA:22,8
DA:26,8
LF:5
LH:5
BRF:0
BRH:0
end_of_record
TN:
SF:src/model/User.ts
FNF:0
FNH:0
DA:1,8
DA:9,8
DA:26,8
DA:33,8
DA:37,8
DA:40,8
LF:6
LH:6
BRF:0
BRH:0
end_of_record
TN:
SF:src/model/index.ts
FNF:0
FNH:0
DA:1,8
DA:2,8
DA:3,8
DA:4,8
LF:4
LH:4
BRF:0
BRH:0
end_of_record
TN:
SF:src/routes/AuthRoutes.ts
FN:24,(anonymous_0)
FN:33,(anonymous_1)
FN:44,(anonymous_2)
FNF:3
FNH:3
FNDA:5,(anonymous_0)
FNDA:3,(anonymous_1)
FNDA:3,(anonymous_2)
DA:1,3
DA:3,3
DA:6,3
DA:7,3
DA:22,3
DA:25,5
DA:26,1
DA:29,4
DA:30,1
DA:33,3
DA:34,3
DA:35,1
DA:36,1
DA:38,2
DA:45,3
DA:46,3
DA:47,1
DA:50,2
DA:51,2
DA:53,1
LF:20
LH:20
BRDA:25,0,0,1
BRDA:29,1,0,1
BRDA:34,2,0,1
BRDA:40,3,0,2
BRDA:40,3,1,0
BRDA:46,4,0,1
BRDA:51,5,0,1
BRF:7
BRH:6
end_of_record
TN:
SF:src/routes/BaseRoutes.ts
FN:29,(anonymous_0)
FN:34,(anonymous_1)
FN:38,(anonymous_2)
FNF:3
FNH:3
FNDA:9,(anonymous_0)
FNDA:6,(anonymous_1)
FNDA:5,(anonymous_2)
DA:24,3
DA:27,9
DA:30,9
DA:31,9
DA:34,9
DA:38,9
LF:6
LH:6
BRDA:38,0,0,1
BRF:1
BRH:1
end_of_record
TN:
SF:src/routes/HabitatRoutes.ts
FN:26,(anonymous_0)
FN:31,(anonymous_1)
FN:36,(anonymous_2)
FNF:3
FNH:3
FNDA:1,(anonymous_0)
FNDA:1,(anonymous_1)
FNDA:1,(anonymous_2)
DA:1,3
DA:4,3
DA:5,3
DA:27,1
DA:28,1
DA:32,1
DA:33,1
DA:37,1
DA:38,1
DA:39,1
LF:10
LH:10
BRF:0
BRH:0
end_of_record
TN:
SF:src/routes/Routes.ts
FN:14,(anonymous_0)
FN:22,(anonymous_1)
FN:25,(anonymous_2)
FN:26,(anonymous_3)
FNF:4
FNH:4
FNDA:3,(anonymous_0)
FNDA:3,(anonymous_1)
FNDA:9,(anonymous_2)
FNDA:21,(anonymous_3)
DA:3,3
DA:4,3
DA:6,3
DA:7,3
DA:15,3
DA:16,3
DA:17,3
DA:18,3
DA:19,3
DA:23,3
DA:25,3
DA:26,9
DA:27,21
DA:30,21
DA:31,21
DA:32,21
DA:36,3
LF:17
LH:17
BRDA:28,0,0,12
BRDA:28,0,1,9
BRDA:31,1,0,21
BRDA:31,1,1,12
BRF:4
BRH:4
end_of_record
TN:
SF:src/routes/index.ts
FNF:0
FNH:0
DA:1,3
DA:2,3
DA:3,3
DA:4,3
DA:5,3
LF:5
LH:5
BRF:0
BRH:0
end_of_record
TN:
SF:src/services/AuthService.ts
FN:8,(anonymous_0)
FN:17,(anonymous_1)
FN:25,(anonymous_2)
FN:33,(anonymous_3)
FN:38,(anonymous_4)
FNF:5
FNH:5
FNDA:6,(anonymous_0)
FNDA:1,(anonymous_1)
FNDA:1,(anonymous_2)
FNDA:3,(anonymous_3)
FNDA:3,(anonymous_4)
DA:1,5
DA:2,5
DA:4,5
DA:6,5
DA:13,6
DA:14,6
DA:22,1
DA:29,1
DA:30,1
DA:34,3
DA:35,3
DA:39,3
DA:40,3
DA:41,1
LF:14
LH:14
BRDA:14,0,0,2
BRDA:14,0,1,4
BRDA:40,1,0,2
BRF:3
BRH:3
end_of_record
TN:
SF:src/services/HabitatService.ts
FN:5,(anonymous_0)
FN:9,(anonymous_1)
FN:13,(anonymous_2)
FNF:3
FNH:3
FNDA:3,(anonymous_0)
FNDA:2,(anonymous_1)
FNDA:2,(anonymous_2)
DA:1,5
DA:2,5
DA:4,5
DA:6,3
DA:10,2
DA:14,2
DA:15,2
DA:17,2
LF:8
LH:8
BRDA:14,0,0,1
BRDA:14,0,1,1
BRF:2
BRH:2
end_of_record
TN:
SF:src/services/Services.ts
FN:9,(anonymous_0)
FNF:1
FNH:1
FNDA:5,(anonymous_0)
DA:1,5
DA:5,5
DA:10,5
DA:11,5
LF:4
LH:4
BRF:0
BRH:0
end_of_record
TN:
SF:src/services/index.ts
FNF:0
FNH:0
DA:1,5
DA:2,5
DA:3,5
DA:4,5
LF:4
LH:4
BRF:0
BRH:0
end_of_record
